TN:
SF:/Users/fil.capiral/dev/github.com/atonomi/smart-contracts/contracts/Behavior/Atonomi.sol
FN:29,mul
FN:39,div
FN:47,sub
FN:53,add
FN:97,onlyManufacturer
FN:103,onlyIRNorOwner
FN:109,onlyIRNNode
FN:117,
FN:255,registerDevice
FN:283,activateDevice
FN:313,registerAndActivateDevice
FN:350,updateReputationScore
FN:386,getReputationRewards
FN:406,calculateReward
FN:427,registerDevices
FN:474,addNetworkMember
FN:514,removeNetworkMember
FN:544,changeManufacturerWallet
FN:596,setTokenPoolReward
FN:609,depositTokens
FN:626,withdrawTokens
FN:642,setDefaultReputationForManufacturer
FN:661,_depositTokens
FN:667,_distributeRewards
FN:679,_registerDevice
FN:707,_activateDevice
FN:719,_updateReputationScore
FNF:27
FNH:4
FNDA:3,mul
FNDA:2,div
FNDA:2,sub
FNDA:2,add
FNDA:0,onlyManufacturer
FNDA:0,onlyIRNorOwner
FNDA:0,onlyIRNNode
FNDA:0,
FNDA:0,registerDevice
FNDA:0,activateDevice
FNDA:0,registerAndActivateDevice
FNDA:0,updateReputationScore
FNDA:0,getReputationRewards
FNDA:0,calculateReward
FNDA:0,registerDevices
FNDA:0,addNetworkMember
FNDA:0,removeNetworkMember
FNDA:0,changeManufacturerWallet
FNDA:0,setTokenPoolReward
FNDA:0,depositTokens
FNDA:0,withdrawTokens
FNDA:0,setDefaultReputationForManufacturer
FNDA:0,_depositTokens
FNDA:0,_distributeRewards
FNDA:0,_registerDevice
FNDA:0,_activateDevice
FNDA:0,_updateReputationScore
DA:30,3
DA:31,1
DA:33,2
DA:34,2
DA:35,1
DA:43,2
DA:48,2
DA:49,1
DA:54,2
DA:55,2
DA:56,1
DA:98,0
DA:99,0
DA:104,0
DA:105,0
DA:110,0
DA:111,0
DA:121,0
DA:122,0
DA:123,0
DA:124,0
DA:125,0
DA:261,0
DA:263,0
DA:265,0
DA:271,0
DA:272,0
DA:273,0
DA:284,0
DA:286,0
DA:288,0
DA:289,0
DA:291,0
DA:298,0
DA:299,0
DA:300,0
DA:301,0
DA:302,0
DA:319,0
DA:320,0
DA:322,0
DA:324,0
DA:326,0
DA:327,0
DA:329,0
DA:331,0
DA:333,0
DA:334,0
DA:335,0
DA:336,0
DA:355,0
DA:357,0
DA:358,0
DA:360,0
DA:361,0
DA:362,0
DA:364,0
DA:365,0
DA:366,0
DA:367,0
DA:368,0
DA:369,0
DA:377,0
DA:378,0
DA:392,0
DA:393,0
DA:394,0
DA:395,0
DA:397,0
DA:398,0
DA:399,0
DA:407,0
DA:408,0
DA:409,0
DA:410,0
DA:411,0
DA:413,0
DA:433,0
DA:434,0
DA:438,0
DA:443,0
DA:444,0
DA:445,0
DA:446,0
DA:447,0
DA:448,0
DA:450,0
DA:452,0
DA:453,0
DA:455,0
DA:458,0
DA:459,0
DA:460,0
DA:482,0
DA:483,0
DA:484,0
DA:485,0
DA:487,0
DA:488,0
DA:489,0
DA:490,0
DA:492,0
DA:493,0
DA:496,0
DA:497,0
DA:500,0
DA:501,0
DA:505,0
DA:507,0
DA:515,0
DA:516,0
DA:517,0
DA:519,0
DA:520,0
DA:521,0
DA:525,0
DA:528,0
DA:529,0
DA:530,0
DA:531,0
DA:533,0
DA:534,0
DA:545,0
DA:547,0
DA:548,0
DA:552,0
DA:553,0
DA:554,0
DA:555,0
DA:557,0
DA:558,0
DA:559,0
DA:560,0
DA:563,0
DA:564,0
DA:565,0
DA:566,0
DA:570,0
DA:571,0
DA:573,0
DA:574,0
DA:576,0
DA:577,0
DA:580,0
DA:583,0
DA:584,0
DA:585,0
DA:586,0
DA:588,0
DA:589,0
DA:597,0
DA:599,0
DA:601,0
DA:602,0
DA:603,0
DA:610,0
DA:611,0
DA:613,0
DA:614,0
DA:616,0
DA:617,0
DA:619,0
DA:620,0
DA:627,0
DA:628,0
DA:630,0
DA:631,0
DA:633,0
DA:634,0
DA:645,0
DA:646,0
DA:651,0
DA:653,0
DA:654,0
DA:662,0
DA:663,0
DA:668,0
DA:670,0
DA:671,0
DA:673,0
DA:674,0
DA:684,0
DA:685,0
DA:686,0
DA:687,0
DA:689,0
DA:690,0
DA:692,0
DA:693,0
DA:695,0
DA:696,0
DA:697,0
DA:698,0
DA:700,0
DA:701,0
DA:702,0
DA:708,0
DA:710,0
DA:711,0
DA:712,0
DA:714,0
DA:720,0
DA:722,0
DA:723,0
DA:724,0
DA:726,0
LF:206
LH:11
BRDA:30,1,0,1
BRDA:30,1,1,2
BRDA:34,2,0,1
BRDA:34,2,1,1
BRDA:48,3,0,1
BRDA:48,3,1,1
BRDA:55,4,0,1
BRDA:55,4,1,1
BRDA:98,5,0,0
BRDA:98,5,1,0
BRDA:104,6,0,0
BRDA:104,6,1,0
BRDA:110,7,0,0
BRDA:110,7,1,0
BRDA:121,8,0,0
BRDA:121,8,1,0
BRDA:122,9,0,0
BRDA:122,9,1,0
BRDA:272,10,0,0
BRDA:272,10,1,0
BRDA:299,11,0,0
BRDA:299,11,1,0
BRDA:301,12,0,0
BRDA:301,12,1,0
BRDA:335,13,0,0
BRDA:335,13,1,0
BRDA:361,14,0,0
BRDA:361,14,1,0
BRDA:362,15,0,0
BRDA:362,15,1,0
BRDA:394,16,0,0
BRDA:394,16,1,0
BRDA:409,17,0,0
BRDA:409,17,1,0
BRDA:433,18,0,0
BRDA:433,18,1,0
BRDA:434,19,0,0
BRDA:434,19,1,0
BRDA:438,20,0,0
BRDA:438,20,1,0
BRDA:459,21,0,0
BRDA:459,21,1,0
BRDA:482,22,0,0
BRDA:482,22,1,0
BRDA:483,23,0,0
BRDA:483,23,1,0
BRDA:484,24,0,0
BRDA:484,24,1,0
BRDA:485,25,0,0
BRDA:485,25,1,0
BRDA:492,26,0,0
BRDA:492,26,1,0
BRDA:493,27,0,0
BRDA:493,27,1,0
BRDA:496,28,0,0
BRDA:496,28,1,0
BRDA:500,29,0,0
BRDA:500,29,1,0
BRDA:517,30,0,0
BRDA:517,30,1,0
BRDA:519,31,0,0
BRDA:519,31,1,0
BRDA:545,32,0,0
BRDA:545,32,1,0
BRDA:547,33,0,0
BRDA:547,33,1,0
BRDA:548,34,0,0
BRDA:548,34,1,0
BRDA:557,35,0,0
BRDA:557,35,1,0
BRDA:558,36,0,0
BRDA:558,36,1,0
BRDA:559,37,0,0
BRDA:559,37,1,0
BRDA:560,38,0,0
BRDA:560,38,1,0
BRDA:570,39,0,0
BRDA:570,39,1,0
BRDA:571,40,0,0
BRDA:571,40,1,0
BRDA:597,41,0,0
BRDA:597,41,1,0
BRDA:599,42,0,0
BRDA:599,42,1,0
BRDA:610,43,0,0
BRDA:610,43,1,0
BRDA:611,44,0,0
BRDA:611,44,1,0
BRDA:614,45,0,0
BRDA:614,45,1,0
BRDA:619,46,0,0
BRDA:619,46,1,0
BRDA:628,47,0,0
BRDA:628,47,1,0
BRDA:633,48,0,0
BRDA:633,48,1,0
BRDA:645,49,0,0
BRDA:645,49,1,0
BRDA:646,50,0,0
BRDA:646,50,1,0
BRDA:668,51,0,0
BRDA:668,51,1,0
BRDA:684,52,0,0
BRDA:684,52,1,0
BRDA:685,53,0,0
BRDA:685,53,1,0
BRDA:686,54,0,0
BRDA:686,54,1,0
BRDA:687,55,0,0
BRDA:687,55,1,0
BRDA:689,56,0,0
BRDA:689,56,1,0
BRDA:690,57,0,0
BRDA:690,57,1,0
BRDA:693,58,0,0
BRDA:693,58,1,0
BRDA:710,59,0,0
BRDA:710,59,1,0
BRDA:711,60,0,0
BRDA:711,60,1,0
BRDA:712,61,0,0
BRDA:712,61,1,0
BRDA:720,62,0,0
BRDA:720,62,1,0
BRDA:722,63,0,0
BRDA:722,63,1,0
BRDA:723,64,0,0
BRDA:723,64,1,0
BRDA:724,65,0,0
BRDA:724,65,1,0
BRF:130
BRH:8
end_of_record
TN:
SF:/Users/fil.capiral/dev/github.com/atonomi/smart-contracts/contracts/Behavior/AtonomiOwnedUpgradabilityProxy.sol
FN:24,
FN:31,onlyProxyOwner
FN:40,proxyOwner
FN:50,setUpgradeabilityOwner
FN:61,transferProxyOwnership
FN:71,upgradeTo
FN:82,upgradeToAndCall
FNF:7
FNH:0
FNDA:0,
FNDA:0,onlyProxyOwner
FNDA:0,proxyOwner
FNDA:0,setUpgradeabilityOwner
FNDA:0,transferProxyOwnership
FNDA:0,upgradeTo
FNDA:0,upgradeToAndCall
DA:25,0
DA:32,0
DA:33,0
DA:41,0
DA:42,0
DA:51,0
DA:52,0
DA:62,0
DA:63,0
DA:64,0
DA:72,0
DA:83,0
DA:84,0
LF:13
LH:0
BRDA:32,1,0,0
BRDA:32,1,1,0
BRDA:62,2,0,0
BRDA:62,2,1,0
BRDA:84,3,0,0
BRDA:84,3,1,0
BRF:6
BRH:0
end_of_record
TN:
SF:/Users/fil.capiral/dev/github.com/atonomi/smart-contracts/contracts/Behavior/AtonomiUpgradabilityProxy.sol
FN:22,
FN:28,implementation
FN:39,setImplementation
FN:51,_upgradeTo
FNF:4
FNH:0
FNDA:0,
FNDA:0,implementation
FNDA:0,setImplementation
FNDA:0,_upgradeTo
DA:29,0
DA:30,0
DA:40,0
DA:41,0
DA:52,0
DA:53,0
DA:54,0
DA:55,0
LF:8
LH:0
BRDA:53,1,0,0
BRDA:53,1,1,0
BRF:2
BRH:0
end_of_record
TN:
SF:/Users/fil.capiral/dev/github.com/atonomi/smart-contracts/contracts/mocks/MockSafeMath.sol
FN:9,mul
FN:13,div
FN:17,sub
FN:21,add
FNF:4
FNH:4
FNDA:3,mul
FNDA:2,div
FNDA:2,sub
FNDA:2,add
DA:10,3
DA:14,2
DA:18,2
DA:22,2
LF:4
LH:4
BRF:0
BRH:0
end_of_record
TN:
SF:/Users/fil.capiral/dev/github.com/atonomi/smart-contracts/contracts/mocks/MockSolHash.sol
FN:5,solHash
FNF:1
FNH:0
FNDA:0,solHash
DA:6,0
LF:1
LH:0
BRF:0
BRH:0
end_of_record
TN:
SF:/Users/fil.capiral/dev/github.com/atonomi/smart-contracts/contracts/proxy/Proxy.sol
FN:18,
FNF:1
FNH:0
FNDA:0,
DA:19,0
DA:20,0
DA:22,0
LF:3
LH:0
BRDA:20,1,0,0
BRDA:20,1,1,0
BRF:2
BRH:0
end_of_record
TN:
SF:/Users/fil.capiral/dev/github.com/atonomi/smart-contracts/contracts/registry/IRegistry.sol
FNF:0
FNH:0
LF:0
LH:0
BRF:0
BRH:0
end_of_record
TN:
SF:/Users/fil.capiral/dev/github.com/atonomi/smart-contracts/contracts/registry/Registry.sol
FN:25,addContract
FN:36,removeContract
FNF:2
FNH:0
FNDA:0,addContract
FNDA:0,removeContract
DA:26,0
DA:27,0
DA:28,0
DA:37,0
LF:4
LH:0
BRDA:26,1,0,0
BRDA:26,1,1,0
BRF:2
BRH:0
end_of_record
TN:
SF:/Users/fil.capiral/dev/github.com/atonomi/smart-contracts/contracts/settings/Settings.sol
FN:59,
FN:99,setRegistrationFee
FN:112,setActivationFee
FN:125,setDefaultReputationReward
FN:138,setReputationIRNNodeShare
FN:152,setRewardBlockThreshold
FNF:6
FNH:0
FNDA:0,
FNDA:0,setRegistrationFee
FNDA:0,setActivationFee
FNDA:0,setDefaultReputationReward
FNDA:0,setReputationIRNNodeShare
FNDA:0,setRewardBlockThreshold
DA:66,0
DA:67,0
DA:68,0
DA:69,0
DA:70,0
DA:72,0
DA:77,0
DA:81,0
DA:85,0
DA:89,0
DA:93,0
DA:100,0
DA:101,0
DA:103,0
DA:105,0
DA:106,0
DA:113,0
DA:114,0
DA:116,0
DA:118,0
DA:119,0
DA:126,0
DA:127,0
DA:129,0
DA:131,0
DA:132,0
DA:139,0
DA:140,0
DA:141,0
DA:143,0
DA:145,0
DA:146,0
DA:153,0
DA:155,0
DA:157,0
DA:158,0
LF:36
LH:0
BRDA:66,1,0,0
BRDA:66,1,1,0
BRDA:67,2,0,0
BRDA:67,2,1,0
BRDA:68,3,0,0
BRDA:68,3,1,0
BRDA:69,4,0,0
BRDA:69,4,1,0
BRDA:70,5,0,0
BRDA:70,5,1,0
BRDA:100,6,0,0
BRDA:100,6,1,0
BRDA:101,7,0,0
BRDA:101,7,1,0
BRDA:113,8,0,0
BRDA:113,8,1,0
BRDA:114,9,0,0
BRDA:114,9,1,0
BRDA:126,10,0,0
BRDA:126,10,1,0
BRDA:127,11,0,0
BRDA:127,11,1,0
BRDA:139,12,0,0
BRDA:139,12,1,0
BRDA:140,13,0,0
BRDA:140,13,1,0
BRDA:141,14,0,0
BRDA:141,14,1,0
BRDA:153,15,0,0
BRDA:153,15,1,0
BRF:30
BRH:0
end_of_record
TN:
SF:/Users/fil.capiral/dev/github.com/atonomi/smart-contracts/contracts/settings/SettingsOwnedUpgradabilityProxy.sol
FN:24,OwnedUpgradeabilityProxy
FN:31,onlyProxyOwner
FN:40,proxyOwner
FN:50,setUpgradeabilityOwner
FN:61,transferProxyOwnership
FN:71,upgradeTo
FN:82,upgradeToAndCall
FNF:7
FNH:0
FNDA:0,OwnedUpgradeabilityProxy
FNDA:0,onlyProxyOwner
FNDA:0,proxyOwner
FNDA:0,setUpgradeabilityOwner
FNDA:0,transferProxyOwnership
FNDA:0,upgradeTo
FNDA:0,upgradeToAndCall
DA:25,0
DA:32,0
DA:33,0
DA:41,0
DA:42,0
DA:51,0
DA:52,0
DA:62,0
DA:63,0
DA:64,0
DA:72,0
DA:83,0
DA:84,0
LF:13
LH:0
BRDA:32,1,0,0
BRDA:32,1,1,0
BRDA:62,2,0,0
BRDA:62,2,1,0
BRDA:84,3,0,0
BRDA:84,3,1,0
BRF:6
BRH:0
end_of_record
TN:
SF:/Users/fil.capiral/dev/github.com/atonomi/smart-contracts/contracts/settings/SettingsUpgradabilityProxy.sol
FN:22,
FN:28,implementation
FN:39,setImplementation
FN:51,_upgradeTo
FNF:4
FNH:0
FNDA:0,
FNDA:0,implementation
FNDA:0,setImplementation
FNDA:0,_upgradeTo
DA:29,0
DA:30,0
DA:40,0
DA:41,0
DA:52,0
DA:53,0
DA:54,0
DA:55,0
LF:8
LH:0
BRDA:53,1,0,0
BRDA:53,1,1,0
BRF:2
BRH:0
end_of_record
TN:
SF:/Users/fil.capiral/dev/github.com/atonomi/smart-contracts/contracts/storage/AtonomiEternalStorage.sol
FN:24,onlyAtonomiMember
FN:36,getAddress
FN:41,getUint
FN:46,getString
FN:51,getBytes
FN:56,getBytes32
FN:61,getBool
FN:66,getInt
FN:75,setAddress
FN:80,setUint
FN:85,setString
FN:90,setBytes
FN:95,setBytes32
FN:100,setBool
FN:105,setInt
FN:112,deleteAddress
FN:117,deleteUint
FN:122,deleteString
FN:127,deleteBytes
FN:132,deleteBytes32
FN:137,deleteBool
FN:142,deleteInt
FNF:22
FNH:0
FNDA:0,onlyAtonomiMember
FNDA:0,getAddress
FNDA:0,getUint
FNDA:0,getString
FNDA:0,getBytes
FNDA:0,getBytes32
FNDA:0,getBool
FNDA:0,getInt
FNDA:0,setAddress
FNDA:0,setUint
FNDA:0,setString
FNDA:0,setBytes
FNDA:0,setBytes32
FNDA:0,setBool
FNDA:0,setInt
FNDA:0,deleteAddress
FNDA:0,deleteUint
FNDA:0,deleteString
FNDA:0,deleteBytes
FNDA:0,deleteBytes32
FNDA:0,deleteBool
FNDA:0,deleteInt
DA:27,0
DA:29,0
DA:30,0
DA:37,0
DA:42,0
DA:47,0
DA:52,0
DA:57,0
DA:62,0
DA:67,0
DA:76,0
DA:81,0
DA:86,0
DA:91,0
DA:96,0
DA:101,0
DA:106,0
DA:113,0
DA:118,0
DA:123,0
DA:128,0
DA:133,0
DA:138,0
DA:143,0
LF:24
LH:0
BRDA:27,1,0,0
BRDA:27,1,1,0
BRDA:29,2,0,0
BRDA:29,2,1,0
BRF:4
BRH:0
end_of_record
